<?xml version="1.0" encoding="UTF-8"?>
<testsuite xmlns:xsi="http://www.w3.org/2001/XMLSchema-instance" xsi:noNamespaceSchemaLocation="https://maven.apache.org/surefire/maven-surefire-plugin/xsd/surefire-test-report.xsd" name="rchat.UsuarioManagerTest" time="7.877" tests="6" errors="0" skipped="0" failures="0">
  <properties>
    <property name="java.specification.version" value="15"/>
    <property name="sun.cpu.isalist" value="amd64"/>
    <property name="sun.jnu.encoding" value="Cp1252"/>
    <property name="java.class.path" value="E:\git\rchat\target\test-classes;E:\git\rchat\target\classes;C:\Users\danim\.m2\repository\org\projectlombok\lombok\1.18.20\lombok-1.18.20.jar;C:\Users\danim\.m2\repository\org\openjfx\javafx-controls\16\javafx-controls-16.jar;C:\Users\danim\.m2\repository\org\openjfx\javafx-controls\16\javafx-controls-16-win.jar;C:\Users\danim\.m2\repository\org\openjfx\javafx-media\16\javafx-media-16.jar;C:\Users\danim\.m2\repository\org\openjfx\javafx-media\16\javafx-media-16-win.jar;C:\Users\danim\.m2\repository\org\openjfx\javafx-graphics\16\javafx-graphics-16.jar;C:\Users\danim\.m2\repository\org\openjfx\javafx-graphics\16\javafx-graphics-16-win.jar;C:\Users\danim\.m2\repository\org\openjfx\javafx-base\16\javafx-base-16.jar;C:\Users\danim\.m2\repository\org\openjfx\javafx-base\16\javafx-base-16-win.jar;C:\Users\danim\.m2\repository\org\openjfx\javafx-fxml\16\javafx-fxml-16.jar;C:\Users\danim\.m2\repository\org\openjfx\javafx-fxml\16\javafx-fxml-16-win.jar;C:\Users\danim\.m2\repository\mysql\mysql-connector-java\8.0.11\mysql-connector-java-8.0.11.jar;C:\Users\danim\.m2\repository\com\google\protobuf\protobuf-java\2.6.0\protobuf-java-2.6.0.jar;C:\Users\danim\.m2\repository\org\junit\jupiter\junit-jupiter-api\5.5.2\junit-jupiter-api-5.5.2.jar;C:\Users\danim\.m2\repository\org\apiguardian\apiguardian-api\1.1.0\apiguardian-api-1.1.0.jar;C:\Users\danim\.m2\repository\org\opentest4j\opentest4j\1.2.0\opentest4j-1.2.0.jar;C:\Users\danim\.m2\repository\org\junit\platform\junit-platform-commons\1.5.2\junit-platform-commons-1.5.2.jar;C:\Users\danim\.m2\repository\org\junit\jupiter\junit-jupiter-engine\5.5.2\junit-jupiter-engine-5.5.2.jar;C:\Users\danim\.m2\repository\org\junit\platform\junit-platform-engine\1.5.2\junit-platform-engine-1.5.2.jar;C:\Users\danim\.m2\repository\org\junit\platform\junit-platform-runner\1.5.2\junit-platform-runner-1.5.2.jar;C:\Users\danim\.m2\repository\junit\junit\4.12\junit-4.12.jar;C:\Users\danim\.m2\repository\org\hamcrest\hamcrest-core\1.3\hamcrest-core-1.3.jar;C:\Users\danim\.m2\repository\org\junit\platform\junit-platform-launcher\1.5.2\junit-platform-launcher-1.5.2.jar;C:\Users\danim\.m2\repository\org\junit\platform\junit-platform-suite-api\1.5.2\junit-platform-suite-api-1.5.2.jar;C:\Users\danim\.m2\repository\org\hamcrest\hamcrest-all\1.3\hamcrest-all-1.3.jar;C:\Users\danim\.m2\repository\org\mockito\mockito-core\2.21.0\mockito-core-2.21.0.jar;C:\Users\danim\.m2\repository\net\bytebuddy\byte-buddy\1.8.15\byte-buddy-1.8.15.jar;C:\Users\danim\.m2\repository\net\bytebuddy\byte-buddy-agent\1.8.15\byte-buddy-agent-1.8.15.jar;C:\Users\danim\.m2\repository\org\objenesis\objenesis\2.6\objenesis-2.6.jar;C:\Users\danim\.m2\repository\org\mockito\mockito-junit-jupiter\2.23.0\mockito-junit-jupiter-2.23.0.jar;C:\Users\danim\.m2\repository\org\apache\maven\plugins\maven-site-plugin\3.9.1\maven-site-plugin-3.9.1.jar;C:\Users\danim\.m2\repository\org\apache\maven\reporting\maven-reporting-api\3.0\maven-reporting-api-3.0.jar;C:\Users\danim\.m2\repository\org\apache\maven\reporting\maven-reporting-exec\1.5.1\maven-reporting-exec-1.5.1.jar;C:\Users\danim\.m2\repository\org\sonatype\aether\aether-util\1.7\aether-util-1.7.jar;C:\Users\danim\.m2\repository\org\eclipse\aether\aether-util\0.9.0.M2\aether-util-0.9.0.M2.jar;C:\Users\danim\.m2\repository\org\apache\maven\shared\maven-shared-utils\3.1.0\maven-shared-utils-3.1.0.jar;C:\Users\danim\.m2\repository\org\apache\maven\maven-artifact\3.0.5\maven-artifact-3.0.5.jar;C:\Users\danim\.m2\repository\org\apache\maven\maven-core\3.0.5\maven-core-3.0.5.jar;C:\Users\danim\.m2\repository\org\apache\maven\maven-repository-metadata\3.0.5\maven-repository-metadata-3.0.5.jar;C:\Users\danim\.m2\repository\org\apache\maven\maven-model-builder\3.0.5\maven-model-builder-3.0.5.jar;C:\Users\danim\.m2\repository\org\apache\maven\maven-aether-provider\3.0.5\maven-aether-provider-3.0.5.jar;C:\Users\danim\.m2\repository\org\sonatype\aether\aether-spi\1.13.1\aether-spi-1.13.1.jar;C:\Users\danim\.m2\repository\org\sonatype\aether\aether-impl\1.13.1\aether-impl-1.13.1.jar;C:\Users\danim\.m2\repository\org\sonatype\aether\aether-api\1.13.1\aether-api-1.13.1.jar;C:\Users\danim\.m2\repository\org\codehaus\plexus\plexus-interpolation\1.14\plexus-interpolation-1.14.jar;C:\Users\danim\.m2\repository\org\codehaus\plexus\plexus-classworlds\2.4\plexus-classworlds-2.4.jar;C:\Users\danim\.m2\repository\org\codehaus\plexus\plexus-component-annotations\1.5.5\plexus-component-annotations-1.5.5.jar;C:\Users\danim\.m2\repository\org\sonatype\plexus\plexus-sec-dispatcher\1.3\plexus-sec-dispatcher-1.3.jar;C:\Users\danim\.m2\repository\org\sonatype\plexus\plexus-cipher\1.4\plexus-cipher-1.4.jar;C:\Users\danim\.m2\repository\org\apache\maven\maven-model\3.0.5\maven-model-3.0.5.jar;C:\Users\danim\.m2\repository\org\apache\maven\maven-plugin-api\3.0.5\maven-plugin-api-3.0.5.jar;C:\Users\danim\.m2\repository\org\apache\maven\maven-settings\3.0.5\maven-settings-3.0.5.jar;C:\Users\danim\.m2\repository\org\apache\maven\maven-settings-builder\3.0.5\maven-settings-builder-3.0.5.jar;C:\Users\danim\.m2\repository\org\apache\maven\maven-archiver\3.5.0\maven-archiver-3.5.0.jar;C:\Users\danim\.m2\repository\org\sonatype\sisu\sisu-inject-plexus\1.4.2\sisu-inject-plexus-1.4.2.jar;C:\Users\danim\.m2\repository\org\sonatype\sisu\sisu-inject-bean\1.4.2\sisu-inject-bean-1.4.2.jar;C:\Users\danim\.m2\repository\org\sonatype\sisu\sisu-guice\2.1.7\sisu-guice-2.1.7-noaop.jar;C:\Users\danim\.m2\repository\org\codehaus\plexus\plexus-archiver\4.2.1\plexus-archiver-4.2.1.jar;C:\Users\danim\.m2\repository\org\codehaus\plexus\plexus-io\3.2.0\plexus-io-3.2.0.jar;C:\Users\danim\.m2\repository\org\apache\commons\commons-compress\1.19\commons-compress-1.19.jar;C:\Users\danim\.m2\repository\org\iq80\snappy\snappy\0.4\snappy-0.4.jar;C:\Users\danim\.m2\repository\org\tukaani\xz\1.8\xz-1.8.jar;C:\Users\danim\.m2\repository\org\codehaus\plexus\plexus-i18n\1.0-beta-10\plexus-i18n-1.0-beta-10.jar;C:\Users\danim\.m2\repository\org\codehaus\plexus\plexus-utils\3.3.0\plexus-utils-3.3.0.jar;C:\Users\danim\.m2\repository\org\apache\maven\doxia\doxia-sink-api\1.9.1\doxia-sink-api-1.9.1.jar;C:\Users\danim\.m2\repository\org\apache\maven\doxia\doxia-logging-api\1.9.1\doxia-logging-api-1.9.1.jar;C:\Users\danim\.m2\repository\org\apache\maven\doxia\doxia-core\1.9.1\doxia-core-1.9.1.jar;C:\Users\danim\.m2\repository\org\codehaus\plexus\plexus-container-default\1.7.1\plexus-container-default-1.7.1.jar;C:\Users\danim\.m2\repository\org\apache\xbean\xbean-reflect\3.7\xbean-reflect-3.7.jar;C:\Users\danim\.m2\repository\com\google\collections\google-collections\1.0\google-collections-1.0.jar;C:\Users\danim\.m2\repository\org\apache\httpcomponents\httpclient\4.5.8\httpclient-4.5.8.jar;C:\Users\danim\.m2\repository\commons-logging\commons-logging\1.2\commons-logging-1.2.jar;C:\Users\danim\.m2\repository\commons-codec\commons-codec\1.11\commons-codec-1.11.jar;C:\Users\danim\.m2\repository\org\apache\httpcomponents\httpcore\4.4.11\httpcore-4.4.11.jar;C:\Users\danim\.m2\repository\org\apache\maven\doxia\doxia-module-xhtml\1.9.1\doxia-module-xhtml-1.9.1.jar;C:\Users\danim\.m2\repository\org\apache\maven\doxia\doxia-module-xhtml5\1.9.1\doxia-module-xhtml5-1.9.1.jar;C:\Users\danim\.m2\repository\org\apache\maven\doxia\doxia-module-apt\1.9.1\doxia-module-apt-1.9.1.jar;C:\Users\danim\.m2\repository\org\apache\maven\doxia\doxia-module-xdoc\1.9.1\doxia-module-xdoc-1.9.1.jar;C:\Users\danim\.m2\repository\org\apache\maven\doxia\doxia-module-fml\1.9.1\doxia-module-fml-1.9.1.jar;C:\Users\danim\.m2\repository\org\apache\maven\doxia\doxia-module-markdown\1.9.1\doxia-module-markdown-1.9.1.jar;C:\Users\danim\.m2\repository\com\vladsch\flexmark\flexmark-all\0.42.14\flexmark-all-0.42.14.jar;C:\Users\danim\.m2\repository\com\vladsch\flexmark\flexmark\0.42.14\flexmark-0.42.14.jar;C:\Users\danim\.m2\repository\com\vladsch\flexmark\flexmark-ext-abbreviation\0.42.14\flexmark-ext-abbreviation-0.42.14.jar;C:\Users\danim\.m2\repository\com\vladsch\flexmark\flexmark-ext-admonition\0.42.14\flexmark-ext-admonition-0.42.14.jar;C:\Users\danim\.m2\repository\com\vladsch\flexmark\flexmark-ext-anchorlink\0.42.14\flexmark-ext-anchorlink-0.42.14.jar;C:\Users\danim\.m2\repository\com\vladsch\flexmark\flexmark-ext-aside\0.42.14\flexmark-ext-aside-0.42.14.jar;C:\Users\danim\.m2\repository\com\vladsch\flexmark\flexmark-ext-attributes\0.42.14\flexmark-ext-attributes-0.42.14.jar;C:\Users\danim\.m2\repository\com\vladsch\flexmark\flexmark-ext-autolink\0.42.14\flexmark-ext-autolink-0.42.14.jar;C:\Users\danim\.m2\repository\org\nibor\autolink\autolink\0.6.0\autolink-0.6.0.jar;C:\Users\danim\.m2\repository\com\vladsch\flexmark\flexmark-ext-definition\0.42.14\flexmark-ext-definition-0.42.14.jar;C:\Users\danim\.m2\repository\com\vladsch\flexmark\flexmark-ext-emoji\0.42.14\flexmark-ext-emoji-0.42.14.jar;C:\Users\danim\.m2\repository\com\vladsch\flexmark\flexmark-ext-enumerated-reference\0.42.14\flexmark-ext-enumerated-reference-0.42.14.jar;C:\Users\danim\.m2\repository\com\vladsch\flexmark\flexmark-ext-escaped-character\0.42.14\flexmark-ext-escaped-character-0.42.14.jar;C:\Users\danim\.m2\repository\com\vladsch\flexmark\flexmark-ext-footnotes\0.42.14\flexmark-ext-footnotes-0.42.14.jar;C:\Users\danim\.m2\repository\com\vladsch\flexmark\flexmark-ext-gfm-issues\0.42.14\flexmark-ext-gfm-issues-0.42.14.jar;C:\Users\danim\.m2\repository\com\vladsch\flexmark\flexmark-ext-gfm-strikethrough\0.42.14\flexmark-ext-gfm-strikethrough-0.42.14.jar;C:\Users\danim\.m2\repository\com\vladsch\flexmark\flexmark-ext-gfm-tables\0.42.14\flexmark-ext-gfm-tables-0.42.14.jar;C:\Users\danim\.m2\repository\com\vladsch\flexmark\flexmark-ext-gfm-tasklist\0.42.14\flexmark-ext-gfm-tasklist-0.42.14.jar;C:\Users\danim\.m2\repository\com\vladsch\flexmark\flexmark-ext-gfm-users\0.42.14\flexmark-ext-gfm-users-0.42.14.jar;C:\Users\danim\.m2\repository\com\vladsch\flexmark\flexmark-ext-gitlab\0.42.14\flexmark-ext-gitlab-0.42.14.jar;C:\Users\danim\.m2\repository\com\vladsch\flexmark\flexmark-ext-jekyll-front-matter\0.42.14\flexmark-ext-jekyll-front-matter-0.42.14.jar;C:\Users\danim\.m2\repository\com\vladsch\flexmark\flexmark-ext-jekyll-tag\0.42.14\flexmark-ext-jekyll-tag-0.42.14.jar;C:\Users\danim\.m2\repository\com\vladsch\flexmark\flexmark-ext-media-tags\0.42.14\flexmark-ext-media-tags-0.42.14.jar;C:\Users\danim\.m2\repository\com\vladsch\flexmark\flexmark-ext-macros\0.42.14\flexmark-ext-macros-0.42.14.jar;C:\Users\danim\.m2\repository\com\vladsch\flexmark\flexmark-ext-ins\0.42.14\flexmark-ext-ins-0.42.14.jar;C:\Users\danim\.m2\repository\com\vladsch\flexmark\flexmark-ext-xwiki-macros\0.42.14\flexmark-ext-xwiki-macros-0.42.14.jar;C:\Users\danim\.m2\repository\com\vladsch\flexmark\flexmark-ext-superscript\0.42.14\flexmark-ext-superscript-0.42.14.jar;C:\Users\danim\.m2\repository\com\vladsch\flexmark\flexmark-ext-tables\0.42.14\flexmark-ext-tables-0.42.14.jar;C:\Users\danim\.m2\repository\com\vladsch\flexmark\flexmark-ext-toc\0.42.14\flexmark-ext-toc-0.42.14.jar;C:\Users\danim\.m2\repository\com\vladsch\flexmark\flexmark-ext-typographic\0.42.14\flexmark-ext-typographic-0.42.14.jar;C:\Users\danim\.m2\repository\com\vladsch\flexmark\flexmark-ext-wikilink\0.42.14\flexmark-ext-wikilink-0.42.14.jar;C:\Users\danim\.m2\repository\com\vladsch\flexmark\flexmark-ext-yaml-front-matter\0.42.14\flexmark-ext-yaml-front-matter-0.42.14.jar;C:\Users\danim\.m2\repository\com\vladsch\flexmark\flexmark-ext-youtube-embedded\0.42.14\flexmark-ext-youtube-embedded-0.42.14.jar;C:\Users\danim\.m2\repository\com\vladsch\flexmark\flexmark-formatter\0.42.14\flexmark-formatter-0.42.14.jar;C:\Users\danim\.m2\repository\com\vladsch\flexmark\flexmark-html-parser\0.42.14\flexmark-html-parser-0.42.14.jar;C:\Users\danim\.m2\repository\org\jsoup\jsoup\1.10.2\jsoup-1.10.2.jar;C:\Users\danim\.m2\repository\com\vladsch\flexmark\flexmark-jira-converter\0.42.14\flexmark-jira-converter-0.42.14.jar;C:\Users\danim\.m2\repository\com\vladsch\flexmark\flexmark-profile-pegdown\0.42.14\flexmark-profile-pegdown-0.42.14.jar;C:\Users\danim\.m2\repository\com\vladsch\flexmark\flexmark-util\0.42.14\flexmark-util-0.42.14.jar;C:\Users\danim\.m2\repository\com\vladsch\flexmark\flexmark-youtrack-converter\0.42.14\flexmark-youtrack-converter-0.42.14.jar;C:\Users\danim\.m2\repository\org\apache\maven\doxia\doxia-module-confluence\1.9.1\doxia-module-confluence-1.9.1.jar;C:\Users\danim\.m2\repository\org\apache\maven\doxia\doxia-module-docbook-simple\1.9.1\doxia-module-docbook-simple-1.9.1.jar;C:\Users\danim\.m2\repository\org\apache\maven\doxia\doxia-module-twiki\1.9.1\doxia-module-twiki-1.9.1.jar;C:\Users\danim\.m2\repository\org\apache\maven\doxia\doxia-decoration-model\1.9.2\doxia-decoration-model-1.9.2.jar;C:\Users\danim\.m2\repository\org\apache\maven\doxia\doxia-site-renderer\1.9.2\doxia-site-renderer-1.9.2.jar;C:\Users\danim\.m2\repository\org\apache\maven\doxia\doxia-skin-model\1.9.2\doxia-skin-model-1.9.2.jar;C:\Users\danim\.m2\repository\org\codehaus\plexus\plexus-velocity\1.2\plexus-velocity-1.2.jar;C:\Users\danim\.m2\repository\org\apache\velocity\velocity\1.7\velocity-1.7.jar;C:\Users\danim\.m2\repository\commons-lang\commons-lang\2.4\commons-lang-2.4.jar;C:\Users\danim\.m2\repository\org\apache\velocity\velocity-tools\2.0\velocity-tools-2.0.jar;C:\Users\danim\.m2\repository\commons-beanutils\commons-beanutils\1.7.0\commons-beanutils-1.7.0.jar;C:\Users\danim\.m2\repository\commons-digester\commons-digester\1.8\commons-digester-1.8.jar;C:\Users\danim\.m2\repository\commons-chain\commons-chain\1.1\commons-chain-1.1.jar;C:\Users\danim\.m2\repository\dom4j\dom4j\1.1\dom4j-1.1.jar;C:\Users\danim\.m2\repository\oro\oro\2.0.8\oro-2.0.8.jar;C:\Users\danim\.m2\repository\commons-collections\commons-collections\3.2.2\commons-collections-3.2.2.jar;C:\Users\danim\.m2\repository\org\apache\maven\doxia\doxia-integration-tools\1.9.2\doxia-integration-tools-1.9.2.jar;C:\Users\danim\.m2\repository\org\apache\maven\wagon\wagon-provider-api\3.3.1\wagon-provider-api-3.3.1.jar;C:\Users\danim\.m2\repository\org\eclipse\jetty\jetty-server\9.2.29.v20191105\jetty-server-9.2.29.v20191105.jar;C:\Users\danim\.m2\repository\javax\servlet\javax.servlet-api\3.1.0\javax.servlet-api-3.1.0.jar;C:\Users\danim\.m2\repository\org\eclipse\jetty\jetty-http\9.2.29.v20191105\jetty-http-9.2.29.v20191105.jar;C:\Users\danim\.m2\repository\org\eclipse\jetty\jetty-io\9.2.29.v20191105\jetty-io-9.2.29.v20191105.jar;C:\Users\danim\.m2\repository\org\eclipse\jetty\jetty-servlet\9.2.29.v20191105\jetty-servlet-9.2.29.v20191105.jar;C:\Users\danim\.m2\repository\org\eclipse\jetty\jetty-security\9.2.29.v20191105\jetty-security-9.2.29.v20191105.jar;C:\Users\danim\.m2\repository\org\eclipse\jetty\jetty-webapp\9.2.29.v20191105\jetty-webapp-9.2.29.v20191105.jar;C:\Users\danim\.m2\repository\org\eclipse\jetty\jetty-xml\9.2.29.v20191105\jetty-xml-9.2.29.v20191105.jar;C:\Users\danim\.m2\repository\org\eclipse\jetty\jetty-util\9.2.29.v20191105\jetty-util-9.2.29.v20191105.jar;C:\Users\danim\.m2\repository\org\apache\commons\commons-lang3\3.8.1\commons-lang3-3.8.1.jar;C:\Users\danim\.m2\repository\commons-io\commons-io\2.6\commons-io-2.6.jar;C:\Users\danim\.m2\repository\de\jensd\fontawesomefx\8.1\fontawesomefx-8.1.jar;"/>
    <property name="java.vm.vendor" value="Oracle Corporation"/>
    <property name="sun.arch.data.model" value="64"/>
    <property name="user.variant" value=""/>
    <property name="java.vendor.url" value="https://java.oracle.com/"/>
    <property name="user.timezone" value="Europe/Madrid"/>
    <property name="os.name" value="Windows 10"/>
    <property name="java.vm.specification.version" value="15"/>
    <property name="sun.java.launcher" value="SUN_STANDARD"/>
    <property name="user.country" value="ES"/>
    <property name="sun.boot.library.path" value="C:\Program Files\Java\jdk-15.0.2\bin"/>
    <property name="sun.java.command" value="C:\Users\danim\AppData\Local\Temp\surefire1946316851811376122\surefirebooter8703364865084799424.jar C:\Users\danim\AppData\Local\Temp\surefire1946316851811376122 2021-05-29T23-21-34_471-jvmRun1 surefire10155441301990051638tmp surefire_015503659821305736230tmp"/>
    <property name="jdk.debug" value="release"/>
    <property name="surefire.test.class.path" value="E:\git\rchat\target\test-classes;E:\git\rchat\target\classes;C:\Users\danim\.m2\repository\org\projectlombok\lombok\1.18.20\lombok-1.18.20.jar;C:\Users\danim\.m2\repository\org\openjfx\javafx-controls\16\javafx-controls-16.jar;C:\Users\danim\.m2\repository\org\openjfx\javafx-controls\16\javafx-controls-16-win.jar;C:\Users\danim\.m2\repository\org\openjfx\javafx-media\16\javafx-media-16.jar;C:\Users\danim\.m2\repository\org\openjfx\javafx-media\16\javafx-media-16-win.jar;C:\Users\danim\.m2\repository\org\openjfx\javafx-graphics\16\javafx-graphics-16.jar;C:\Users\danim\.m2\repository\org\openjfx\javafx-graphics\16\javafx-graphics-16-win.jar;C:\Users\danim\.m2\repository\org\openjfx\javafx-base\16\javafx-base-16.jar;C:\Users\danim\.m2\repository\org\openjfx\javafx-base\16\javafx-base-16-win.jar;C:\Users\danim\.m2\repository\org\openjfx\javafx-fxml\16\javafx-fxml-16.jar;C:\Users\danim\.m2\repository\org\openjfx\javafx-fxml\16\javafx-fxml-16-win.jar;C:\Users\danim\.m2\repository\mysql\mysql-connector-java\8.0.11\mysql-connector-java-8.0.11.jar;C:\Users\danim\.m2\repository\com\google\protobuf\protobuf-java\2.6.0\protobuf-java-2.6.0.jar;C:\Users\danim\.m2\repository\org\junit\jupiter\junit-jupiter-api\5.5.2\junit-jupiter-api-5.5.2.jar;C:\Users\danim\.m2\repository\org\apiguardian\apiguardian-api\1.1.0\apiguardian-api-1.1.0.jar;C:\Users\danim\.m2\repository\org\opentest4j\opentest4j\1.2.0\opentest4j-1.2.0.jar;C:\Users\danim\.m2\repository\org\junit\platform\junit-platform-commons\1.5.2\junit-platform-commons-1.5.2.jar;C:\Users\danim\.m2\repository\org\junit\jupiter\junit-jupiter-engine\5.5.2\junit-jupiter-engine-5.5.2.jar;C:\Users\danim\.m2\repository\org\junit\platform\junit-platform-engine\1.5.2\junit-platform-engine-1.5.2.jar;C:\Users\danim\.m2\repository\org\junit\platform\junit-platform-runner\1.5.2\junit-platform-runner-1.5.2.jar;C:\Users\danim\.m2\repository\junit\junit\4.12\junit-4.12.jar;C:\Users\danim\.m2\repository\org\hamcrest\hamcrest-core\1.3\hamcrest-core-1.3.jar;C:\Users\danim\.m2\repository\org\junit\platform\junit-platform-launcher\1.5.2\junit-platform-launcher-1.5.2.jar;C:\Users\danim\.m2\repository\org\junit\platform\junit-platform-suite-api\1.5.2\junit-platform-suite-api-1.5.2.jar;C:\Users\danim\.m2\repository\org\hamcrest\hamcrest-all\1.3\hamcrest-all-1.3.jar;C:\Users\danim\.m2\repository\org\mockito\mockito-core\2.21.0\mockito-core-2.21.0.jar;C:\Users\danim\.m2\repository\net\bytebuddy\byte-buddy\1.8.15\byte-buddy-1.8.15.jar;C:\Users\danim\.m2\repository\net\bytebuddy\byte-buddy-agent\1.8.15\byte-buddy-agent-1.8.15.jar;C:\Users\danim\.m2\repository\org\objenesis\objenesis\2.6\objenesis-2.6.jar;C:\Users\danim\.m2\repository\org\mockito\mockito-junit-jupiter\2.23.0\mockito-junit-jupiter-2.23.0.jar;C:\Users\danim\.m2\repository\org\apache\maven\plugins\maven-site-plugin\3.9.1\maven-site-plugin-3.9.1.jar;C:\Users\danim\.m2\repository\org\apache\maven\reporting\maven-reporting-api\3.0\maven-reporting-api-3.0.jar;C:\Users\danim\.m2\repository\org\apache\maven\reporting\maven-reporting-exec\1.5.1\maven-reporting-exec-1.5.1.jar;C:\Users\danim\.m2\repository\org\sonatype\aether\aether-util\1.7\aether-util-1.7.jar;C:\Users\danim\.m2\repository\org\eclipse\aether\aether-util\0.9.0.M2\aether-util-0.9.0.M2.jar;C:\Users\danim\.m2\repository\org\apache\maven\shared\maven-shared-utils\3.1.0\maven-shared-utils-3.1.0.jar;C:\Users\danim\.m2\repository\org\apache\maven\maven-artifact\3.0.5\maven-artifact-3.0.5.jar;C:\Users\danim\.m2\repository\org\apache\maven\maven-core\3.0.5\maven-core-3.0.5.jar;C:\Users\danim\.m2\repository\org\apache\maven\maven-repository-metadata\3.0.5\maven-repository-metadata-3.0.5.jar;C:\Users\danim\.m2\repository\org\apache\maven\maven-model-builder\3.0.5\maven-model-builder-3.0.5.jar;C:\Users\danim\.m2\repository\org\apache\maven\maven-aether-provider\3.0.5\maven-aether-provider-3.0.5.jar;C:\Users\danim\.m2\repository\org\sonatype\aether\aether-spi\1.13.1\aether-spi-1.13.1.jar;C:\Users\danim\.m2\repository\org\sonatype\aether\aether-impl\1.13.1\aether-impl-1.13.1.jar;C:\Users\danim\.m2\repository\org\sonatype\aether\aether-api\1.13.1\aether-api-1.13.1.jar;C:\Users\danim\.m2\repository\org\codehaus\plexus\plexus-interpolation\1.14\plexus-interpolation-1.14.jar;C:\Users\danim\.m2\repository\org\codehaus\plexus\plexus-classworlds\2.4\plexus-classworlds-2.4.jar;C:\Users\danim\.m2\repository\org\codehaus\plexus\plexus-component-annotations\1.5.5\plexus-component-annotations-1.5.5.jar;C:\Users\danim\.m2\repository\org\sonatype\plexus\plexus-sec-dispatcher\1.3\plexus-sec-dispatcher-1.3.jar;C:\Users\danim\.m2\repository\org\sonatype\plexus\plexus-cipher\1.4\plexus-cipher-1.4.jar;C:\Users\danim\.m2\repository\org\apache\maven\maven-model\3.0.5\maven-model-3.0.5.jar;C:\Users\danim\.m2\repository\org\apache\maven\maven-plugin-api\3.0.5\maven-plugin-api-3.0.5.jar;C:\Users\danim\.m2\repository\org\apache\maven\maven-settings\3.0.5\maven-settings-3.0.5.jar;C:\Users\danim\.m2\repository\org\apache\maven\maven-settings-builder\3.0.5\maven-settings-builder-3.0.5.jar;C:\Users\danim\.m2\repository\org\apache\maven\maven-archiver\3.5.0\maven-archiver-3.5.0.jar;C:\Users\danim\.m2\repository\org\sonatype\sisu\sisu-inject-plexus\1.4.2\sisu-inject-plexus-1.4.2.jar;C:\Users\danim\.m2\repository\org\sonatype\sisu\sisu-inject-bean\1.4.2\sisu-inject-bean-1.4.2.jar;C:\Users\danim\.m2\repository\org\sonatype\sisu\sisu-guice\2.1.7\sisu-guice-2.1.7-noaop.jar;C:\Users\danim\.m2\repository\org\codehaus\plexus\plexus-archiver\4.2.1\plexus-archiver-4.2.1.jar;C:\Users\danim\.m2\repository\org\codehaus\plexus\plexus-io\3.2.0\plexus-io-3.2.0.jar;C:\Users\danim\.m2\repository\org\apache\commons\commons-compress\1.19\commons-compress-1.19.jar;C:\Users\danim\.m2\repository\org\iq80\snappy\snappy\0.4\snappy-0.4.jar;C:\Users\danim\.m2\repository\org\tukaani\xz\1.8\xz-1.8.jar;C:\Users\danim\.m2\repository\org\codehaus\plexus\plexus-i18n\1.0-beta-10\plexus-i18n-1.0-beta-10.jar;C:\Users\danim\.m2\repository\org\codehaus\plexus\plexus-utils\3.3.0\plexus-utils-3.3.0.jar;C:\Users\danim\.m2\repository\org\apache\maven\doxia\doxia-sink-api\1.9.1\doxia-sink-api-1.9.1.jar;C:\Users\danim\.m2\repository\org\apache\maven\doxia\doxia-logging-api\1.9.1\doxia-logging-api-1.9.1.jar;C:\Users\danim\.m2\repository\org\apache\maven\doxia\doxia-core\1.9.1\doxia-core-1.9.1.jar;C:\Users\danim\.m2\repository\org\codehaus\plexus\plexus-container-default\1.7.1\plexus-container-default-1.7.1.jar;C:\Users\danim\.m2\repository\org\apache\xbean\xbean-reflect\3.7\xbean-reflect-3.7.jar;C:\Users\danim\.m2\repository\com\google\collections\google-collections\1.0\google-collections-1.0.jar;C:\Users\danim\.m2\repository\org\apache\httpcomponents\httpclient\4.5.8\httpclient-4.5.8.jar;C:\Users\danim\.m2\repository\commons-logging\commons-logging\1.2\commons-logging-1.2.jar;C:\Users\danim\.m2\repository\commons-codec\commons-codec\1.11\commons-codec-1.11.jar;C:\Users\danim\.m2\repository\org\apache\httpcomponents\httpcore\4.4.11\httpcore-4.4.11.jar;C:\Users\danim\.m2\repository\org\apache\maven\doxia\doxia-module-xhtml\1.9.1\doxia-module-xhtml-1.9.1.jar;C:\Users\danim\.m2\repository\org\apache\maven\doxia\doxia-module-xhtml5\1.9.1\doxia-module-xhtml5-1.9.1.jar;C:\Users\danim\.m2\repository\org\apache\maven\doxia\doxia-module-apt\1.9.1\doxia-module-apt-1.9.1.jar;C:\Users\danim\.m2\repository\org\apache\maven\doxia\doxia-module-xdoc\1.9.1\doxia-module-xdoc-1.9.1.jar;C:\Users\danim\.m2\repository\org\apache\maven\doxia\doxia-module-fml\1.9.1\doxia-module-fml-1.9.1.jar;C:\Users\danim\.m2\repository\org\apache\maven\doxia\doxia-module-markdown\1.9.1\doxia-module-markdown-1.9.1.jar;C:\Users\danim\.m2\repository\com\vladsch\flexmark\flexmark-all\0.42.14\flexmark-all-0.42.14.jar;C:\Users\danim\.m2\repository\com\vladsch\flexmark\flexmark\0.42.14\flexmark-0.42.14.jar;C:\Users\danim\.m2\repository\com\vladsch\flexmark\flexmark-ext-abbreviation\0.42.14\flexmark-ext-abbreviation-0.42.14.jar;C:\Users\danim\.m2\repository\com\vladsch\flexmark\flexmark-ext-admonition\0.42.14\flexmark-ext-admonition-0.42.14.jar;C:\Users\danim\.m2\repository\com\vladsch\flexmark\flexmark-ext-anchorlink\0.42.14\flexmark-ext-anchorlink-0.42.14.jar;C:\Users\danim\.m2\repository\com\vladsch\flexmark\flexmark-ext-aside\0.42.14\flexmark-ext-aside-0.42.14.jar;C:\Users\danim\.m2\repository\com\vladsch\flexmark\flexmark-ext-attributes\0.42.14\flexmark-ext-attributes-0.42.14.jar;C:\Users\danim\.m2\repository\com\vladsch\flexmark\flexmark-ext-autolink\0.42.14\flexmark-ext-autolink-0.42.14.jar;C:\Users\danim\.m2\repository\org\nibor\autolink\autolink\0.6.0\autolink-0.6.0.jar;C:\Users\danim\.m2\repository\com\vladsch\flexmark\flexmark-ext-definition\0.42.14\flexmark-ext-definition-0.42.14.jar;C:\Users\danim\.m2\repository\com\vladsch\flexmark\flexmark-ext-emoji\0.42.14\flexmark-ext-emoji-0.42.14.jar;C:\Users\danim\.m2\repository\com\vladsch\flexmark\flexmark-ext-enumerated-reference\0.42.14\flexmark-ext-enumerated-reference-0.42.14.jar;C:\Users\danim\.m2\repository\com\vladsch\flexmark\flexmark-ext-escaped-character\0.42.14\flexmark-ext-escaped-character-0.42.14.jar;C:\Users\danim\.m2\repository\com\vladsch\flexmark\flexmark-ext-footnotes\0.42.14\flexmark-ext-footnotes-0.42.14.jar;C:\Users\danim\.m2\repository\com\vladsch\flexmark\flexmark-ext-gfm-issues\0.42.14\flexmark-ext-gfm-issues-0.42.14.jar;C:\Users\danim\.m2\repository\com\vladsch\flexmark\flexmark-ext-gfm-strikethrough\0.42.14\flexmark-ext-gfm-strikethrough-0.42.14.jar;C:\Users\danim\.m2\repository\com\vladsch\flexmark\flexmark-ext-gfm-tables\0.42.14\flexmark-ext-gfm-tables-0.42.14.jar;C:\Users\danim\.m2\repository\com\vladsch\flexmark\flexmark-ext-gfm-tasklist\0.42.14\flexmark-ext-gfm-tasklist-0.42.14.jar;C:\Users\danim\.m2\repository\com\vladsch\flexmark\flexmark-ext-gfm-users\0.42.14\flexmark-ext-gfm-users-0.42.14.jar;C:\Users\danim\.m2\repository\com\vladsch\flexmark\flexmark-ext-gitlab\0.42.14\flexmark-ext-gitlab-0.42.14.jar;C:\Users\danim\.m2\repository\com\vladsch\flexmark\flexmark-ext-jekyll-front-matter\0.42.14\flexmark-ext-jekyll-front-matter-0.42.14.jar;C:\Users\danim\.m2\repository\com\vladsch\flexmark\flexmark-ext-jekyll-tag\0.42.14\flexmark-ext-jekyll-tag-0.42.14.jar;C:\Users\danim\.m2\repository\com\vladsch\flexmark\flexmark-ext-media-tags\0.42.14\flexmark-ext-media-tags-0.42.14.jar;C:\Users\danim\.m2\repository\com\vladsch\flexmark\flexmark-ext-macros\0.42.14\flexmark-ext-macros-0.42.14.jar;C:\Users\danim\.m2\repository\com\vladsch\flexmark\flexmark-ext-ins\0.42.14\flexmark-ext-ins-0.42.14.jar;C:\Users\danim\.m2\repository\com\vladsch\flexmark\flexmark-ext-xwiki-macros\0.42.14\flexmark-ext-xwiki-macros-0.42.14.jar;C:\Users\danim\.m2\repository\com\vladsch\flexmark\flexmark-ext-superscript\0.42.14\flexmark-ext-superscript-0.42.14.jar;C:\Users\danim\.m2\repository\com\vladsch\flexmark\flexmark-ext-tables\0.42.14\flexmark-ext-tables-0.42.14.jar;C:\Users\danim\.m2\repository\com\vladsch\flexmark\flexmark-ext-toc\0.42.14\flexmark-ext-toc-0.42.14.jar;C:\Users\danim\.m2\repository\com\vladsch\flexmark\flexmark-ext-typographic\0.42.14\flexmark-ext-typographic-0.42.14.jar;C:\Users\danim\.m2\repository\com\vladsch\flexmark\flexmark-ext-wikilink\0.42.14\flexmark-ext-wikilink-0.42.14.jar;C:\Users\danim\.m2\repository\com\vladsch\flexmark\flexmark-ext-yaml-front-matter\0.42.14\flexmark-ext-yaml-front-matter-0.42.14.jar;C:\Users\danim\.m2\repository\com\vladsch\flexmark\flexmark-ext-youtube-embedded\0.42.14\flexmark-ext-youtube-embedded-0.42.14.jar;C:\Users\danim\.m2\repository\com\vladsch\flexmark\flexmark-formatter\0.42.14\flexmark-formatter-0.42.14.jar;C:\Users\danim\.m2\repository\com\vladsch\flexmark\flexmark-html-parser\0.42.14\flexmark-html-parser-0.42.14.jar;C:\Users\danim\.m2\repository\org\jsoup\jsoup\1.10.2\jsoup-1.10.2.jar;C:\Users\danim\.m2\repository\com\vladsch\flexmark\flexmark-jira-converter\0.42.14\flexmark-jira-converter-0.42.14.jar;C:\Users\danim\.m2\repository\com\vladsch\flexmark\flexmark-profile-pegdown\0.42.14\flexmark-profile-pegdown-0.42.14.jar;C:\Users\danim\.m2\repository\com\vladsch\flexmark\flexmark-util\0.42.14\flexmark-util-0.42.14.jar;C:\Users\danim\.m2\repository\com\vladsch\flexmark\flexmark-youtrack-converter\0.42.14\flexmark-youtrack-converter-0.42.14.jar;C:\Users\danim\.m2\repository\org\apache\maven\doxia\doxia-module-confluence\1.9.1\doxia-module-confluence-1.9.1.jar;C:\Users\danim\.m2\repository\org\apache\maven\doxia\doxia-module-docbook-simple\1.9.1\doxia-module-docbook-simple-1.9.1.jar;C:\Users\danim\.m2\repository\org\apache\maven\doxia\doxia-module-twiki\1.9.1\doxia-module-twiki-1.9.1.jar;C:\Users\danim\.m2\repository\org\apache\maven\doxia\doxia-decoration-model\1.9.2\doxia-decoration-model-1.9.2.jar;C:\Users\danim\.m2\repository\org\apache\maven\doxia\doxia-site-renderer\1.9.2\doxia-site-renderer-1.9.2.jar;C:\Users\danim\.m2\repository\org\apache\maven\doxia\doxia-skin-model\1.9.2\doxia-skin-model-1.9.2.jar;C:\Users\danim\.m2\repository\org\codehaus\plexus\plexus-velocity\1.2\plexus-velocity-1.2.jar;C:\Users\danim\.m2\repository\org\apache\velocity\velocity\1.7\velocity-1.7.jar;C:\Users\danim\.m2\repository\commons-lang\commons-lang\2.4\commons-lang-2.4.jar;C:\Users\danim\.m2\repository\org\apache\velocity\velocity-tools\2.0\velocity-tools-2.0.jar;C:\Users\danim\.m2\repository\commons-beanutils\commons-beanutils\1.7.0\commons-beanutils-1.7.0.jar;C:\Users\danim\.m2\repository\commons-digester\commons-digester\1.8\commons-digester-1.8.jar;C:\Users\danim\.m2\repository\commons-chain\commons-chain\1.1\commons-chain-1.1.jar;C:\Users\danim\.m2\repository\dom4j\dom4j\1.1\dom4j-1.1.jar;C:\Users\danim\.m2\repository\oro\oro\2.0.8\oro-2.0.8.jar;C:\Users\danim\.m2\repository\commons-collections\commons-collections\3.2.2\commons-collections-3.2.2.jar;C:\Users\danim\.m2\repository\org\apache\maven\doxia\doxia-integration-tools\1.9.2\doxia-integration-tools-1.9.2.jar;C:\Users\danim\.m2\repository\org\apache\maven\wagon\wagon-provider-api\3.3.1\wagon-provider-api-3.3.1.jar;C:\Users\danim\.m2\repository\org\eclipse\jetty\jetty-server\9.2.29.v20191105\jetty-server-9.2.29.v20191105.jar;C:\Users\danim\.m2\repository\javax\servlet\javax.servlet-api\3.1.0\javax.servlet-api-3.1.0.jar;C:\Users\danim\.m2\repository\org\eclipse\jetty\jetty-http\9.2.29.v20191105\jetty-http-9.2.29.v20191105.jar;C:\Users\danim\.m2\repository\org\eclipse\jetty\jetty-io\9.2.29.v20191105\jetty-io-9.2.29.v20191105.jar;C:\Users\danim\.m2\repository\org\eclipse\jetty\jetty-servlet\9.2.29.v20191105\jetty-servlet-9.2.29.v20191105.jar;C:\Users\danim\.m2\repository\org\eclipse\jetty\jetty-security\9.2.29.v20191105\jetty-security-9.2.29.v20191105.jar;C:\Users\danim\.m2\repository\org\eclipse\jetty\jetty-webapp\9.2.29.v20191105\jetty-webapp-9.2.29.v20191105.jar;C:\Users\danim\.m2\repository\org\eclipse\jetty\jetty-xml\9.2.29.v20191105\jetty-xml-9.2.29.v20191105.jar;C:\Users\danim\.m2\repository\org\eclipse\jetty\jetty-util\9.2.29.v20191105\jetty-util-9.2.29.v20191105.jar;C:\Users\danim\.m2\repository\org\apache\commons\commons-lang3\3.8.1\commons-lang3-3.8.1.jar;C:\Users\danim\.m2\repository\commons-io\commons-io\2.6\commons-io-2.6.jar;C:\Users\danim\.m2\repository\de\jensd\fontawesomefx\8.1\fontawesomefx-8.1.jar;"/>
    <property name="sun.cpu.endian" value="little"/>
    <property name="user.home" value="C:\Users\danim"/>
    <property name="user.language" value="es"/>
    <property name="java.specification.vendor" value="Oracle Corporation"/>
    <property name="java.version.date" value="2021-01-19"/>
    <property name="java.home" value="C:\Program Files\Java\jdk-15.0.2"/>
    <property name="file.separator" value="\"/>
    <property name="basedir" value="E:\git\rchat"/>
    <property name="java.vm.compressedOopsMode" value="Zero based"/>
    <property name="line.separator" value="&#10;"/>
    <property name="java.vm.specification.vendor" value="Oracle Corporation"/>
    <property name="java.specification.name" value="Java Platform API Specification"/>
    <property name="surefire.real.class.path" value="C:\Users\danim\AppData\Local\Temp\surefire1946316851811376122\surefirebooter8703364865084799424.jar"/>
    <property name="user.script" value=""/>
    <property name="sun.management.compiler" value="HotSpot 64-Bit Tiered Compilers"/>
    <property name="java.runtime.version" value="15.0.2+7-27"/>
    <property name="user.name" value="danim"/>
    <property name="path.separator" value=";"/>
    <property name="os.version" value="10.0"/>
    <property name="java.runtime.name" value="Java(TM) SE Runtime Environment"/>
    <property name="file.encoding" value="Cp1252"/>
    <property name="java.vm.name" value="Java HotSpot(TM) 64-Bit Server VM"/>
    <property name="localRepository" value="C:\Users\danim\.m2\repository"/>
    <property name="java.vendor.url.bug" value="https://bugreport.java.com/bugreport/"/>
    <property name="java.io.tmpdir" value="C:\Users\danim\AppData\Local\Temp\"/>
    <property name="java.version" value="15.0.2"/>
    <property name="user.dir" value="E:\git\rchat"/>
    <property name="os.arch" value="amd64"/>
    <property name="java.vm.specification.name" value="Java Virtual Machine Specification"/>
    <property name="sun.os.patch.level" value=""/>
    <property name="java.library.path" value="C:\Program Files\Java\jdk-15.0.2\bin;C:\WINDOWS\Sun\Java\bin;C:\WINDOWS\system32;C:\WINDOWS;C:/Users/danim/.p2/pool/plugins/org.eclipse.justj.openjdk.hotspot.jre.full.win32.x86_64_14.0.2.v20200815-0932/jre/bin/server;C:/Users/danim/.p2/pool/plugins/org.eclipse.justj.openjdk.hotspot.jre.full.win32.x86_64_14.0.2.v20200815-0932/jre/bin;C:\Program Files\Common Files\Oracle\Java\javapath;C:\Program Files (x86)\Common Files\Intel\Shared Libraries\redist\intel64\compiler;C:\Program Files (x86)\NVIDIA Corporation\PhysX\Common;C:\Program Files (x86)\Common Files\Oracle\Java\javapath;C:\Windows\system32;C:\Windows;C:\Windows\System32\Wbem;C:\Windows\System32\WindowsPowerShell\v1.0\;C:\Windows\System32\OpenSSH\;C:\Program Files (x86)\Touch Portal\plugins\adb\platform-tools;C:\ProgramData\chocolatey\bin;C:\Program Files\nodejs\;D:\QTSystem\;C:\Program Files\NVIDIA Corporation\NVIDIA NvDLISR;C:\Program Files (x86)\Calibre2\;D:\AutoFirma\AutoFirma;C:\WINDOWS\system32;C:\WINDOWS;C:\WINDOWS\System32\Wbem;C:\WINDOWS\System32\WindowsPowerShell\v1.0\;C:\WINDOWS\System32\OpenSSH\;C:\Program Files\dotnet\;C:\Users\danim\AppData\Local\Microsoft\WindowsApps;C:\Users\danim\AppData\Roaming\npm;C:\Users\danim\.dotnet\tools;C:\Users\danim\AppData\Local\GitHubDesktop\bin;C:\WINDOWS\System32;;."/>
    <property name="java.vm.info" value="mixed mode, sharing"/>
    <property name="java.vendor" value="Oracle Corporation"/>
    <property name="java.vm.version" value="15.0.2+7-27"/>
    <property name="sun.io.unicode.encoding" value="UnicodeLittle"/>
    <property name="java.class.version" value="59.0"/>
  </properties>
  <testcase name="buscarUsuarioPorNombre_NOT_OK" classname="rchat.UsuarioManagerTest" time="1.831"/>
  <testcase name="buscarUsuarioPorID_NOT_OK" classname="rchat.UsuarioManagerTest" time="1.211"/>
  <testcase name="buscarUsuarioPorNombre_OK" classname="rchat.UsuarioManagerTest" time="1.212"/>
  <testcase name="buscarUsuarioPorID_OK" classname="rchat.UsuarioManagerTest" time="1.205"/>
  <testcase name="buscarUsuarioPorEmail_NOT_OK" classname="rchat.UsuarioManagerTest" time="1.21"/>
  <testcase name="buscarUsuarioPoreEmail_OK" classname="rchat.UsuarioManagerTest" time="1.203"/>
</testsuite>